<?xml version="1.0" encoding="UTF-8"?>
<!-- Generated by org.testng.reporters.JUnitReportReporter -->
<testsuite hostname="chandans-MacBook-Air.local" failures="0" tests="1" name="runner.TestRunner" time="0.130" errors="0" timestamp="2024-12-12T00:41:50 IST" skipped="0">
  <testcase classname="runner.TestRunner" name="runScenario" time="0.130"/>
  <system-out/>
</testsuite> <!-- runner.TestRunner -->
