<?xml version="1.0" encoding="UTF-8"?>
<!-- Generated by org.testng.reporters.JUnitReportReporter -->
<testsuite hostname="chandans-MacBook-Air.local" failures="0" tests="2" name="apipractice.GetRequest2" time="2.490" errors="0" timestamp="2024-10-07T15:36:05 IST" skipped="0">
  <testcase classname="apipractice.GetRequest2" name="getMethodTest3" time="1.237"/>
  <system-out/>
  <testcase classname="apipractice.GetRequest2" name="getMethodTest4" time="1.253"/>
  <system-out/>
</testsuite> <!-- apipractice.GetRequest2 -->
