<?xml version="1.0" encoding="UTF-8"?>
<!-- Generated by org.testng.reporters.JUnitReportReporter -->
<testsuite hostname="chandans-MacBook-Air.local" failures="0" tests="1" name="testngtestcases.SendGetRequest" time="0.949" errors="0" timestamp="2024-10-04T19:18:44 IST" skipped="0">
  <testcase classname="testngtestcases.SendGetRequest" name="sendGet" time="0.949"/>
  <system-out/>
</testsuite> <!-- testngtestcases.SendGetRequest -->
