<?xml version="1.0" encoding="UTF-8"?>
<!-- Generated by org.testng.reporters.JUnitReportReporter -->
<testsuite hostname="chandans-MacBook-Air.local" failures="0" tests="6" name="testngtestcases.SendPostRequest" time="22.497" errors="0" timestamp="2024-09-21T11:46:59 IST" skipped="0">
  <testcase classname="testngtestcases.SendPostRequest" name="sendPost" time="2.572"/>
  <system-out/>
  <testcase classname="testngtestcases.SendPostRequest" name="sendGetRequest" time="9.205"/>
  <system-out/>
  <testcase classname="testngtestcases.SendPostRequest" name="sendPutRequest" time="3.289"/>
  <system-out/>
  <testcase classname="testngtestcases.SendPostRequest" name="sendGetRequest1" time="2.378"/>
  <system-out/>
  <testcase classname="testngtestcases.SendPostRequest" name="sendDelete" time="1.274"/>
  <system-out/>
  <testcase classname="testngtestcases.SendPostRequest" name="sendGetRequest2" time="3.779"/>
  <system-out/>
</testsuite> <!-- testngtestcases.SendPostRequest -->
