<?xml version="1.0" encoding="UTF-8"?>
<!-- Generated by org.testng.reporters.JUnitReportReporter -->
<testsuite hostname="chandans-MacBook-Air.local" failures="0" tests="6" name="testpackages.SendPostRequest" time="9.875" errors="0" timestamp="2024-10-07T15:11:55 IST" skipped="0">
  <testcase classname="testpackages.SendPostRequest" name="sendPost" time="4.447"/>
  <system-out/>
  <testcase classname="testpackages.SendPostRequest" name="sendGetRequest" time="1.148"/>
  <system-out/>
  <testcase classname="testpackages.SendPostRequest" name="sendPutRequest" time="1.052"/>
  <system-out/>
  <testcase classname="testpackages.SendPostRequest" name="sendGetRequest1" time="1.242"/>
  <system-out/>
  <testcase classname="testpackages.SendPostRequest" name="sendDelete" time="0.939"/>
  <system-out/>
  <testcase classname="testpackages.SendPostRequest" name="sendGetRequest2" time="1.047"/>
  <system-out/>
</testsuite> <!-- testpackages.SendPostRequest -->
