<?xml version="1.0" encoding="UTF-8"?>
<!-- Generated by org.testng.reporters.JUnitReportReporter -->
<testsuite hostname="chandans-MacBook-Air.local" failures="0" tests="1" name="apipractice.GetRequest" time="8.281" errors="0" timestamp="2024-10-08T19:05:52 IST" skipped="0">
  <testcase classname="apipractice.GetRequest" name="getMethodTest1" time="8.281"/>
  <system-out/>
</testsuite> <!-- apipractice.GetRequest -->
