<?xml version="1.0" encoding="UTF-8"?>
<!-- Generated by org.testng.reporters.JUnitReportReporter -->
<testsuite hostname="chandans-MacBook-Air.local" failures="0" tests="1" name="testpackages.SendGetRequest" time="1.005" errors="0" timestamp="2024-10-14T22:03:31 IST" skipped="0">
  <testcase classname="testpackages.SendGetRequest" name="sendGet" time="1.005"/>
  <system-out/>
</testsuite> <!-- testpackages.SendGetRequest -->
