<?xml version="1.0" encoding="UTF-8"?>
<!-- Generated by org.testng.reporters.JUnitReportReporter -->
<testsuite hostname="chandans-MacBook-Air.local" failures="0" tests="1" name="testngtestcases.SendGetRequest" time="1.691" errors="0" timestamp="2024-10-02T16:56:42 IST" skipped="0">
  <testcase classname="testngtestcases.SendGetRequest" name="sendGet" time="1.691"/>
</testsuite> <!-- testngtestcases.SendGetRequest -->
