<?xml version="1.0" encoding="UTF-8"?>
<!-- Generated by org.testng.reporters.JUnitReportReporter -->
<testsuite hostname="chandans-MacBook-Air.local" failures="0" tests="6" name="testngtestcases.SendPostRequest" time="18.233" errors="0" timestamp="2024-10-02T16:56:42 IST" skipped="0">
  <testcase classname="testngtestcases.SendPostRequest" name="sendPost" time="3.438"/>
  <testcase classname="testngtestcases.SendPostRequest" name="sendGetRequest" time="5.214"/>
  <testcase classname="testngtestcases.SendPostRequest" name="sendPutRequest" time="4.515"/>
  <testcase classname="testngtestcases.SendPostRequest" name="sendGetRequest1" time="2.043"/>
  <testcase classname="testngtestcases.SendPostRequest" name="sendDelete" time="1.633"/>
  <testcase classname="testngtestcases.SendPostRequest" name="sendGetRequest2" time="1.390"/>
</testsuite> <!-- testngtestcases.SendPostRequest -->
